stdio    D         file_stdio.c:110  file_stdio_fopen                 [   0.00000] opening C:\Users\HP\Desktop\GIT_TR~1\C_FINA~1\I2P1_F~1\Code\allegro5.cfg r
system   D            wsystem.c:874  _al_win_safe_load_library        [   0.00000] PathFindOnPath found: C:\windows\system32\shcore.dll
system   D            wsystem.c:780  load_library_at_path             [   0.00000] Calling LoadLibrary C:\windows\system32\shcore.dll
system   I            wsystem.c:783  load_library_at_path             [   0.00000] Loaded C:\windows\system32\shcore.dll
system   I             system.c:271  al_install_system                [   0.00000] Allegro version: 5.2.7
audio-dsound I           dsound.cpp:271  _dsound_open                     [   0.00025] Starting DirectSound...
audio-dsound D           dsound.cpp:280  _dsound_open                     [   0.05474] DirectSoundCreate8 succeeded
audio-dsound I           dsound.cpp:73   get_window                       [   0.05481] Using desktop window: 0000000000010010
audio    I              audio.c:347  do_install_audio                 [   0.05495] Using DirectSound driver
system   D            wsystem.c:874  _al_win_safe_load_library        [   0.05541] PathFindOnPath found: C:\windows\system32\d3d9.dll
system   D            wsystem.c:780  load_library_at_path             [   0.05546] Calling LoadLibrary C:\windows\system32\d3d9.dll
system   I            wsystem.c:783  load_library_at_path             [   0.09549] Loaded C:\windows\system32\d3d9.dll
d3d      I         d3d_disp.cpp:684  d3d_init_display                 [   0.21139] Render-to-texture: 1
d3d      I         d3d_disp.cpp:1782 d3d_create_display_locked        [   0.21197] faux_fullscreen=0
d3d      D         d3d_disp.cpp:1783 d3d_create_display_locked        [   0.21199] al_display=0000000000f7bf20
d3d      D         d3d_disp.cpp:1784 d3d_create_display_locked        [   0.21200] al_display->vt=0000000000f7bdb0
d3d      I d3d_display_formats.cpp:144  _al_d3d_generate_display_format_list [   0.21325] found 64 format combinations
display  D   display_settings.c:212  debug_display_settings           [   0.21329] color: 32 (rgba 8880), depth: 0, stencil: 0, acc: 0000, samples: 0/0
display  D   display_settings.c:527  _al_score_display_settings       [   0.21331] Score is : 897
display  D   display_settings.c:212  debug_display_settings           [   0.21332] color: 32 (rgba 8880), depth: 0, stencil: 0, acc: 0000, samples: 0/0
display  D   display_settings.c:527  _al_score_display_settings       [   0.21333] Score is : 897
display  D   display_settings.c:212  debug_display_settings           [   0.21334] color: 32 (rgba 8880), depth: 24, stencil: 8, acc: 0000, samples: 0/0
display  D   display_settings.c:527  _al_score_display_settings       [   0.21335] Score is : 897
display  D   display_settings.c:212  debug_display_settings           [   0.21336] color: 32 (rgba 8880), depth: 24, stencil: 8, acc: 0000, samples: 0/0
display  D   display_settings.c:527  _al_score_display_settings       [   0.21337] Score is : 897
display  D   display_settings.c:212  debug_display_settings           [   0.21338] color: 32 (rgba 8880), depth: 24, stencil: 0, acc: 0000, samples: 0/0
display  D   display_settings.c:527  _al_score_display_settings       [   0.21339] Score is : 897
display  D   display_settings.c:212  debug_display_settings           [   0.21340] color: 32 (rgba 8880), depth: 24, stencil: 0, acc: 0000, samples: 0/0
display  D   display_settings.c:527  _al_score_display_settings       [   0.21341] Score is : 897
display  D   display_settings.c:212  debug_display_settings           [   0.21342] color: 32 (rgba 8880), depth: 16, stencil: 0, acc: 0000, samples: 0/0
display  D   display_settings.c:527  _al_score_display_settings       [   0.21343] Score is : 897
display  D   display_settings.c:212  debug_display_settings           [   0.21344] color: 32 (rgba 8880), depth: 16, stencil: 0, acc: 0000, samples: 0/0
display  D   display_settings.c:527  _al_score_display_settings       [   0.21345] Score is : 897
display  D   display_settings.c:212  debug_display_settings           [   0.21345] color: 16 (rgba 5650), depth: 0, stencil: 0, acc: 0000, samples: 0/0
display  D   display_settings.c:527  _al_score_display_settings       [   0.21353] Score is : 897
display  D   display_settings.c:212  debug_display_settings           [   0.21355] color: 16 (rgba 5650), depth: 0, stencil: 0, acc: 0000, samples: 0/0
display  D   display_settings.c:527  _al_score_display_settings       [   0.21356] Score is : 897
display  D   display_settings.c:212  debug_display_settings           [   0.21357] color: 16 (rgba 5650), depth: 24, stencil: 8, acc: 0000, samples: 0/0
display  D   display_settings.c:527  _al_score_display_settings       [   0.21358] Score is : 897
display  D   display_settings.c:212  debug_display_settings           [   0.21359] color: 16 (rgba 5650), depth: 24, stencil: 8, acc: 0000, samples: 0/0
display  D   display_settings.c:527  _al_score_display_settings       [   0.21360] Score is : 897
display  D   display_settings.c:212  debug_display_settings           [   0.21360] color: 16 (rgba 5650), depth: 24, stencil: 0, acc: 0000, samples: 0/0
display  D   display_settings.c:527  _al_score_display_settings       [   0.21362] Score is : 897
display  D   display_settings.c:212  debug_display_settings           [   0.21362] color: 16 (rgba 5650), depth: 24, stencil: 0, acc: 0000, samples: 0/0
display  D   display_settings.c:527  _al_score_display_settings       [   0.21363] Score is : 897
display  D   display_settings.c:212  debug_display_settings           [   0.21364] color: 16 (rgba 5650), depth: 16, stencil: 0, acc: 0000, samples: 0/0
display  D   display_settings.c:527  _al_score_display_settings       [   0.21365] Score is : 897
display  D   display_settings.c:212  debug_display_settings           [   0.21366] color: 16 (rgba 5650), depth: 16, stencil: 0, acc: 0000, samples: 0/0
display  D   display_settings.c:527  _al_score_display_settings       [   0.21367] Score is : 897
display  D   display_settings.c:212  debug_display_settings           [   0.21368] color: 32 (rgba 8880), depth: 0, stencil: 0, acc: 0000, samples: 0/0
display  D   display_settings.c:398  _al_score_display_settings       [   0.21369] Single Buffer requirement not met.
display  D   display_settings.c:212  debug_display_settings           [   0.21370] color: 32 (rgba 8880), depth: 0, stencil: 0, acc: 0000, samples: 0/0
display  D   display_settings.c:398  _al_score_display_settings       [   0.21371] Single Buffer requirement not met.
display  D   display_settings.c:212  debug_display_settings           [   0.21373] color: 32 (rgba 8880), depth: 24, stencil: 8, acc: 0000, samples: 0/0
display  D   display_settings.c:398  _al_score_display_settings       [   0.21374] Single Buffer requirement not met.
display  D   display_settings.c:212  debug_display_settings           [   0.21375] color: 32 (rgba 8880), depth: 24, stencil: 8, acc: 0000, samples: 0/0
display  D   display_settings.c:398  _al_score_display_settings       [   0.21376] Single Buffer requirement not met.
display  D   display_settings.c:212  debug_display_settings           [   0.21377] color: 32 (rgba 8880), depth: 24, stencil: 0, acc: 0000, samples: 0/0
display  D   display_settings.c:398  _al_score_display_settings       [   0.21378] Single Buffer requirement not met.
display  D   display_settings.c:212  debug_display_settings           [   0.21379] color: 32 (rgba 8880), depth: 24, stencil: 0, acc: 0000, samples: 0/0
display  D   display_settings.c:398  _al_score_display_settings       [   0.21380] Single Buffer requirement not met.
display  D   display_settings.c:212  debug_display_settings           [   0.21381] color: 32 (rgba 8880), depth: 16, stencil: 0, acc: 0000, samples: 0/0
display  D   display_settings.c:398  _al_score_display_settings       [   0.21382] Single Buffer requirement not met.
display  D   display_settings.c:212  debug_display_settings           [   0.21383] color: 32 (rgba 8880), depth: 16, stencil: 0, acc: 0000, samples: 0/0
display  D   display_settings.c:398  _al_score_display_settings       [   0.21384] Single Buffer requirement not met.
display  D   display_settings.c:212  debug_display_settings           [   0.21385] color: 16 (rgba 5650), depth: 0, stencil: 0, acc: 0000, samples: 0/0
display  D   display_settings.c:398  _al_score_display_settings       [   0.21386] Single Buffer requirement not met.
display  D   display_settings.c:212  debug_display_settings           [   0.21387] color: 16 (rgba 5650), depth: 0, stencil: 0, acc: 0000, samples: 0/0
display  D   display_settings.c:398  _al_score_display_settings       [   0.21388] Single Buffer requirement not met.
display  D   display_settings.c:212  debug_display_settings           [   0.21389] color: 16 (rgba 5650), depth: 24, stencil: 8, acc: 0000, samples: 0/0
display  D   display_settings.c:398  _al_score_display_settings       [   0.21390] Single Buffer requirement not met.
display  D   display_settings.c:212  debug_display_settings           [   0.21391] color: 16 (rgba 5650), depth: 24, stencil: 8, acc: 0000, samples: 0/0
display  D   display_settings.c:398  _al_score_display_settings       [   0.21392] Single Buffer requirement not met.
display  D   display_settings.c:212  debug_display_settings           [   0.21393] color: 16 (rgba 5650), depth: 24, stencil: 0, acc: 0000, samples: 0/0
display  D   display_settings.c:398  _al_score_display_settings       [   0.21394] Single Buffer requirement not met.
display  D   display_settings.c:212  debug_display_settings           [   0.21395] color: 16 (rgba 5650), depth: 24, stencil: 0, acc: 0000, samples: 0/0
display  D   display_settings.c:398  _al_score_display_settings       [   0.21396] Single Buffer requirement not met.
display  D   display_settings.c:212  debug_display_settings           [   0.21397] color: 16 (rgba 5650), depth: 16, stencil: 0, acc: 0000, samples: 0/0
display  D   display_settings.c:398  _al_score_display_settings       [   0.21398] Single Buffer requirement not met.
display  D   display_settings.c:212  debug_display_settings           [   0.21399] color: 16 (rgba 5650), depth: 16, stencil: 0, acc: 0000, samples: 0/0
display  D   display_settings.c:398  _al_score_display_settings       [   0.21400] Single Buffer requirement not met.
display  D   display_settings.c:212  debug_display_settings           [   0.21400] color: 32 (rgba 8880), depth: 0, stencil: 0, acc: 0000, samples: 0/0
display  D   display_settings.c:527  _al_score_display_settings       [   0.21402] Score is : 769
display  D   display_settings.c:212  debug_display_settings           [   0.21402] color: 32 (rgba 8880), depth: 0, stencil: 0, acc: 0000, samples: 0/0
display  D   display_settings.c:527  _al_score_display_settings       [   0.21403] Score is : 769
display  D   display_settings.c:212  debug_display_settings           [   0.21404] color: 32 (rgba 8880), depth: 24, stencil: 8, acc: 0000, samples: 0/0
display  D   display_settings.c:527  _al_score_display_settings       [   0.21405] Score is : 769
display  D   display_settings.c:212  debug_display_settings           [   0.21406] color: 32 (rgba 8880), depth: 24, stencil: 8, acc: 0000, samples: 0/0
display  D   display_settings.c:527  _al_score_display_settings       [   0.21407] Score is : 769
display  D   display_settings.c:212  debug_display_settings           [   0.21408] color: 32 (rgba 8880), depth: 24, stencil: 0, acc: 0000, samples: 0/0
display  D   display_settings.c:527  _al_score_display_settings       [   0.21409] Score is : 769
display  D   display_settings.c:212  debug_display_settings           [   0.21410] color: 32 (rgba 8880), depth: 24, stencil: 0, acc: 0000, samples: 0/0
display  D   display_settings.c:527  _al_score_display_settings       [   0.21411] Score is : 769
display  D   display_settings.c:212  debug_display_settings           [   0.21412] color: 32 (rgba 8880), depth: 16, stencil: 0, acc: 0000, samples: 0/0
display  D   display_settings.c:527  _al_score_display_settings       [   0.21413] Score is : 769
display  D   display_settings.c:212  debug_display_settings           [   0.21414] color: 32 (rgba 8880), depth: 16, stencil: 0, acc: 0000, samples: 0/0
display  D   display_settings.c:527  _al_score_display_settings       [   0.21415] Score is : 769
display  D   display_settings.c:212  debug_display_settings           [   0.21416] color: 16 (rgba 5650), depth: 0, stencil: 0, acc: 0000, samples: 0/0
display  D   display_settings.c:527  _al_score_display_settings       [   0.21417] Score is : 769
display  D   display_settings.c:212  debug_display_settings           [   0.21419] color: 16 (rgba 5650), depth: 0, stencil: 0, acc: 0000, samples: 0/0
display  D   display_settings.c:527  _al_score_display_settings       [   0.21420] Score is : 769
display  D   display_settings.c:212  debug_display_settings           [   0.21421] color: 16 (rgba 5650), depth: 24, stencil: 8, acc: 0000, samples: 0/0
display  D   display_settings.c:527  _al_score_display_settings       [   0.21422] Score is : 769
display  D   display_settings.c:212  debug_display_settings           [   0.21423] color: 16 (rgba 5650), depth: 24, stencil: 8, acc: 0000, samples: 0/0
display  D   display_settings.c:527  _al_score_display_settings       [   0.21424] Score is : 769
display  D   display_settings.c:212  debug_display_settings           [   0.21425] color: 16 (rgba 5650), depth: 24, stencil: 0, acc: 0000, samples: 0/0
display  D   display_settings.c:527  _al_score_display_settings       [   0.21426] Score is : 769
display  D   display_settings.c:212  debug_display_settings           [   0.21427] color: 16 (rgba 5650), depth: 24, stencil: 0, acc: 0000, samples: 0/0
display  D   display_settings.c:527  _al_score_display_settings       [   0.21428] Score is : 769
display  D   display_settings.c:212  debug_display_settings           [   0.21429] color: 16 (rgba 5650), depth: 16, stencil: 0, acc: 0000, samples: 0/0
display  D   display_settings.c:527  _al_score_display_settings       [   0.21430] Score is : 769
display  D   display_settings.c:212  debug_display_settings           [   0.21430] color: 16 (rgba 5650), depth: 16, stencil: 0, acc: 0000, samples: 0/0
display  D   display_settings.c:527  _al_score_display_settings       [   0.21431] Score is : 769
display  D   display_settings.c:212  debug_display_settings           [   0.21432] color: 32 (rgba 8880), depth: 0, stencil: 0, acc: 0000, samples: 0/0
display  D   display_settings.c:398  _al_score_display_settings       [   0.21433] Single Buffer requirement not met.
display  D   display_settings.c:212  debug_display_settings           [   0.21434] color: 32 (rgba 8880), depth: 0, stencil: 0, acc: 0000, samples: 0/0
display  D   display_settings.c:398  _al_score_display_settings       [   0.21435] Single Buffer requirement not met.
display  D   display_settings.c:212  debug_display_settings           [   0.21436] color: 32 (rgba 8880), depth: 24, stencil: 8, acc: 0000, samples: 0/0
display  D   display_settings.c:398  _al_score_display_settings       [   0.21437] Single Buffer requirement not met.
display  D   display_settings.c:212  debug_display_settings           [   0.21438] color: 32 (rgba 8880), depth: 24, stencil: 8, acc: 0000, samples: 0/0
display  D   display_settings.c:398  _al_score_display_settings       [   0.21439] Single Buffer requirement not met.
display  D   display_settings.c:212  debug_display_settings           [   0.21440] color: 32 (rgba 8880), depth: 24, stencil: 0, acc: 0000, samples: 0/0
display  D   display_settings.c:398  _al_score_display_settings       [   0.21441] Single Buffer requirement not met.
display  D   display_settings.c:212  debug_display_settings           [   0.21442] color: 32 (rgba 8880), depth: 24, stencil: 0, acc: 0000, samples: 0/0
display  D   display_settings.c:398  _al_score_display_settings       [   0.21443] Single Buffer requirement not met.
display  D   display_settings.c:212  debug_display_settings           [   0.21444] color: 32 (rgba 8880), depth: 16, stencil: 0, acc: 0000, samples: 0/0
display  D   display_settings.c:398  _al_score_display_settings       [   0.21445] Single Buffer requirement not met.
display  D   display_settings.c:212  debug_display_settings           [   0.21448] color: 32 (rgba 8880), depth: 16, stencil: 0, acc: 0000, samples: 0/0
display  D   display_settings.c:398  _al_score_display_settings       [   0.21449] Single Buffer requirement not met.
display  D   display_settings.c:212  debug_display_settings           [   0.21450] color: 16 (rgba 5650), depth: 0, stencil: 0, acc: 0000, samples: 0/0
display  D   display_settings.c:398  _al_score_display_settings       [   0.21451] Single Buffer requirement not met.
display  D   display_settings.c:212  debug_display_settings           [   0.21452] color: 16 (rgba 5650), depth: 0, stencil: 0, acc: 0000, samples: 0/0
display  D   display_settings.c:398  _al_score_display_settings       [   0.21453] Single Buffer requirement not met.
display  D   display_settings.c:212  debug_display_settings           [   0.21454] color: 16 (rgba 5650), depth: 24, stencil: 8, acc: 0000, samples: 0/0
display  D   display_settings.c:398  _al_score_display_settings       [   0.21455] Single Buffer requirement not met.
display  D   display_settings.c:212  debug_display_settings           [   0.21456] color: 16 (rgba 5650), depth: 24, stencil: 8, acc: 0000, samples: 0/0
display  D   display_settings.c:398  _al_score_display_settings       [   0.21457] Single Buffer requirement not met.
display  D   display_settings.c:212  debug_display_settings           [   0.21458] color: 16 (rgba 5650), depth: 24, stencil: 0, acc: 0000, samples: 0/0
display  D   display_settings.c:398  _al_score_display_settings       [   0.21459] Single Buffer requirement not met.
display  D   display_settings.c:212  debug_display_settings           [   0.21460] color: 16 (rgba 5650), depth: 24, stencil: 0, acc: 0000, samples: 0/0
display  D   display_settings.c:398  _al_score_display_settings       [   0.21461] Single Buffer requirement not met.
display  D   display_settings.c:212  debug_display_settings           [   0.21462] color: 16 (rgba 5650), depth: 16, stencil: 0, acc: 0000, samples: 0/0
display  D   display_settings.c:398  _al_score_display_settings       [   0.21463] Single Buffer requirement not met.
display  D   display_settings.c:212  debug_display_settings           [   0.21464] color: 16 (rgba 5650), depth: 16, stencil: 0, acc: 0000, samples: 0/0
display  D   display_settings.c:398  _al_score_display_settings       [   0.21465] Single Buffer requirement not met.
d3d      D         d3d_disp.cpp:1682 d3d_create_display_internals     [   0.21467] Trying format 0.
d3d      I         d3d_disp.cpp:1358 d3d_display_thread_proc          [   0.21491] Chose a display format: 23
d3d      I         d3d_disp.cpp:1427 d3d_display_thread_proc          [   0.21497] Normal window.
d3d      I         d3d_disp.cpp:791  d3d_create_device                [   0.24315] Using no depth stencil buffer
d3d      D         d3d_disp.cpp:853  d3d_create_device                [   0.26596] BeginScene succeeded in create_device
d3d      D         d3d_disp.cpp:861  d3d_create_device                [   0.26604] Success
d3d      D         d3d_disp.cpp:1705 d3d_create_display_internals     [   0.26608] Resumed after wait.
d3d      I         d3d_disp.cpp:1738 d3d_create_display_internals     [   0.26616] Format 0 succeeded.
d3d      D         d3d_disp.cpp:1769 d3d_create_display_internals     [   0.26620] Returning d3d_display: 0000000000f7bf20
d3d      D         d3d_disp.cpp:1794 d3d_create_display_locked        [   0.26621] al_display=0000000000f7bf20
d3d      D         d3d_disp.cpp:1795 d3d_create_display_locked        [   0.26622] al_display->vt=0000000000f7bdb0
system   W            wsystem.c:879  _al_win_safe_load_library        [   0.26691] PathFindOnPath failed to find d3dx9_43.dll
system   W            wsystem.c:879  _al_win_safe_load_library        [   0.26759] PathFindOnPath failed to find d3dx9_42.dll
system   W            wsystem.c:879  _al_win_safe_load_library        [   0.26797] PathFindOnPath failed to find d3dx9_41.dll
system   W            wsystem.c:879  _al_win_safe_load_library        [   0.26828] PathFindOnPath failed to find d3dx9_40.dll
system   W            wsystem.c:879  _al_win_safe_load_library        [   0.26859] PathFindOnPath failed to find d3dx9_39.dll
system   W            wsystem.c:879  _al_win_safe_load_library        [   0.26889] PathFindOnPath failed to find d3dx9_38.dll
system   W            wsystem.c:879  _al_win_safe_load_library        [   0.26919] PathFindOnPath failed to find d3dx9_37.dll
system   W            wsystem.c:879  _al_win_safe_load_library        [   0.26949] PathFindOnPath failed to find d3dx9_36.dll
system   W            wsystem.c:879  _al_win_safe_load_library        [   0.26979] PathFindOnPath failed to find d3dx9_35.dll
system   W            wsystem.c:879  _al_win_safe_load_library        [   0.27010] PathFindOnPath failed to find d3dx9_34.dll
system   W            wsystem.c:879  _al_win_safe_load_library        [   0.27039] PathFindOnPath failed to find d3dx9_33.dll
system   W            wsystem.c:879  _al_win_safe_load_library        [   0.27069] PathFindOnPath failed to find d3dx9_32.dll
system   W            wsystem.c:879  _al_win_safe_load_library        [   0.27099] PathFindOnPath failed to find d3dx9_31.dll
system   W            wsystem.c:879  _al_win_safe_load_library        [   0.27130] PathFindOnPath failed to find d3dx9_30.dll
system   W            wsystem.c:879  _al_win_safe_load_library        [   0.27162] PathFindOnPath failed to find d3dx9_29.dll
system   W            wsystem.c:879  _al_win_safe_load_library        [   0.27193] PathFindOnPath failed to find d3dx9_28.dll
system   W            wsystem.c:879  _al_win_safe_load_library        [   0.27224] PathFindOnPath failed to find d3dx9_27.dll
system   W            wsystem.c:879  _al_win_safe_load_library        [   0.27256] PathFindOnPath failed to find d3dx9_26.dll
system   W            wsystem.c:879  _al_win_safe_load_library        [   0.27292] PathFindOnPath failed to find d3dx9_25.dll
system   W            wsystem.c:879  _al_win_safe_load_library        [   0.27344] PathFindOnPath failed to find d3dx9_24.dll
d3dx9    E        d3d_d3dx9.cpp:121  _al_load_d3dx9_module            [   0.27347] Failed to load D3DX9 library. Library is not installed.
stdio    D         file_stdio.c:110  file_stdio_fopen                 [   0.27356] opening assets/font/pirulen.ttf rb
font     D                ttf.c:943  al_load_ttf_font_stretch_f       [   0.27420] Font assets/font/pirulen.ttf loaded with pixel size 0 x 60.
font     D                ttf.c:945  al_load_ttf_font_stretch_f       [   0.27423]     ascent=58.0, descent=-15.0, height=72.0
dtor     D               dtor.c:196  _al_register_destructor          [   0.27425] added dtor for ttf_font 0000000002738270, func 00007ffb222b4c05
stdio    D         file_stdio.c:110  file_stdio_fopen                 [   0.27426] opening assets/image/menu.jpg rb
stdio    D         file_stdio.c:110  file_stdio_fopen                 [   0.27466] opening assets/image/menu.jpg rb
d3d      D         d3d_disp.cpp:1202 real_choose_bitmap_format        [   0.27521] Fake format
d3d      D         d3d_disp.cpp:1202 real_choose_bitmap_format        [   0.27523] Fake format
d3d      D         d3d_disp.cpp:1202 real_choose_bitmap_format        [   0.27524] Fake format
d3d      D         d3d_disp.cpp:1202 real_choose_bitmap_format        [   0.27525] Fake format
d3d      D         d3d_disp.cpp:1202 real_choose_bitmap_format        [   0.27526] Fake format
d3d      D         d3d_disp.cpp:1202 real_choose_bitmap_format        [   0.27527] Fake format
d3d      D         d3d_disp.cpp:1202 real_choose_bitmap_format        [   0.27528] Fake format
d3d      D         d3d_disp.cpp:1202 real_choose_bitmap_format        [   0.27529] Fake format
d3d      D         d3d_disp.cpp:1202 real_choose_bitmap_format        [   0.27530] Fake format
d3d      D         d3d_disp.cpp:1210 real_choose_bitmap_format        [   0.27531] Alpha doesn't match
d3d      D         d3d_disp.cpp:1217 real_choose_bitmap_format        [   0.27533] Adapter format is 23
d3d      D         d3d_disp.cpp:1220 real_choose_bitmap_format        [   0.27534] Found a format
d3d      I         d3d_disp.cpp:2391 d3d_create_bitmap                [   0.27536] Chose bitmap format 9
dtor     D               dtor.c:196  _al_register_destructor          [   0.27555] added dtor for bitmap 000000000275d220, func 00007ffb22191bea
stdio    D         file_stdio.c:110  file_stdio_fopen                 [   0.29582] opening assets/sound/cyberpunk.mp3 rb
dtor     D               dtor.c:196  _al_register_destructor          [   1.15236] added dtor for sample 0000000002737b50, func 00007ffb222c1a1d
audio-dsound D           dsound.cpp:311  _dsound_allocate_voice           [   1.15246] Allocating voice
audio-dsound D           dsound.cpp:370  _dsound_allocate_voice           [   1.15248] Allocated voice
dtor     D               dtor.c:196  _al_register_destructor          [   1.15249] added dtor for voice 000000000273ea90, func 00007ffb222c5024
dtor     D               dtor.c:196  _al_register_destructor          [   1.15251] added dtor for mixer 000000000275d6c0, func 00007ffb222c04dc
audio-dsound D           dsound.cpp:466  _dsound_start_voice              [   1.15252] Starting voice
audio-dsound D           dsound.cpp:494  _dsound_start_voice              [   1.15253] CreateSoundBuffer
audio-dsound D           dsound.cpp:502  _dsound_start_voice              [   1.15397] CreateSoundBuffer succeeded
audio-dsound D           dsound.cpp:508  _dsound_start_voice              [   1.15401] Starting _dsound_update thread
audio-dsound I           dsound.cpp:518  _dsound_start_voice              [   1.15409] Voice started
dtor     D               dtor.c:196  _al_register_destructor          [   1.15411] added dtor for sample_instance 000000000275eec0, func 00007ffb222b929b
audio    D          kcm_mixer.c:121  _al_rechannel_matrix             [   1.15413] sample matrix:
audio    D          kcm_mixer.c:127  _al_rechannel_matrix             [   1.15414] 
audio    D          kcm_mixer.c:127  _al_rechannel_matrix             [   1.15416] 
dtor     D               dtor.c:196  _al_register_destructor          [   1.15417] added dtor for sample_instance 000000000275f2c0, func 00007ffb222b929b
audio    D          kcm_mixer.c:121  _al_rechannel_matrix             [   1.15418] sample matrix:
audio    D          kcm_mixer.c:127  _al_rechannel_matrix             [   1.15419] 
audio    D          kcm_mixer.c:127  _al_rechannel_matrix             [   1.15420] 
dtor     D               dtor.c:196  _al_register_destructor          [   1.15421] added dtor for sample_instance 000000000275f3e0, func 00007ffb222b929b
audio    D          kcm_mixer.c:121  _al_rechannel_matrix             [   1.15422] sample matrix:
audio    D          kcm_mixer.c:127  _al_rechannel_matrix             [   1.15423] 
audio    D          kcm_mixer.c:127  _al_rechannel_matrix             [   1.15424] 
dtor     D               dtor.c:196  _al_register_destructor          [   1.15425] added dtor for sample_instance 000000000275ebe0, func 00007ffb222b929b
audio    D          kcm_mixer.c:121  _al_rechannel_matrix             [   1.15437] sample matrix:
audio    D          kcm_mixer.c:127  _al_rechannel_matrix             [   1.15439] 
audio    D          kcm_mixer.c:127  _al_rechannel_matrix             [   1.15440] 
dtor     D               dtor.c:196  _al_register_destructor          [   1.15441] added dtor for sample_instance 000000000275ed00, func 00007ffb222b929b
audio    D          kcm_mixer.c:121  _al_rechannel_matrix             [   1.15442] sample matrix:
audio    D          kcm_mixer.c:127  _al_rechannel_matrix             [   1.15443] 
audio    D          kcm_mixer.c:127  _al_rechannel_matrix             [   1.15444] 
dtor     D               dtor.c:196  _al_register_destructor          [   1.15445] added dtor for sample_instance 000000000275f500, func 00007ffb222b929b
audio    D          kcm_mixer.c:121  _al_rechannel_matrix             [   1.15446] sample matrix:
audio    D          kcm_mixer.c:127  _al_rechannel_matrix             [   1.15447] 
audio    D          kcm_mixer.c:127  _al_rechannel_matrix             [   1.15448] 
dtor     D               dtor.c:196  _al_register_destructor          [   1.15449] added dtor for sample_instance 000000000275f620, func 00007ffb222b929b
audio    D          kcm_mixer.c:121  _al_rechannel_matrix             [   1.15450] sample matrix:
audio    D          kcm_mixer.c:127  _al_rechannel_matrix             [   1.15451] 
audio    D          kcm_mixer.c:127  _al_rechannel_matrix             [   1.15452] 
dtor     D               dtor.c:196  _al_register_destructor          [   1.15453] added dtor for sample_instance 000000000275f740, func 00007ffb222b929b
audio    D          kcm_mixer.c:121  _al_rechannel_matrix             [   1.15454] sample matrix:
audio    D          kcm_mixer.c:127  _al_rechannel_matrix             [   1.15455] 
audio    D          kcm_mixer.c:127  _al_rechannel_matrix             [   1.15456] 
dtor     D               dtor.c:196  _al_register_destructor          [   1.15457] added dtor for sample_instance 000000000275f970, func 00007ffb222b929b
audio    D          kcm_mixer.c:121  _al_rechannel_matrix             [   1.15458] sample matrix:
audio    D          kcm_mixer.c:127  _al_rechannel_matrix             [   1.15459] 
audio    D          kcm_mixer.c:127  _al_rechannel_matrix             [   1.15460] 
dtor     D               dtor.c:196  _al_register_destructor          [   1.15461] added dtor for sample_instance 000000000275fa90, func 00007ffb222b929b
audio    D          kcm_mixer.c:121  _al_rechannel_matrix             [   1.15462] sample matrix:
audio    D          kcm_mixer.c:127  _al_rechannel_matrix             [   1.15463] 
audio    D          kcm_mixer.c:127  _al_rechannel_matrix             [   1.15464] 
dtor     D               dtor.c:196  _al_register_destructor          [   1.15465] added dtor for sample_instance 0000000002755c30, func 00007ffb222b929b
audio    D          kcm_mixer.c:121  _al_rechannel_matrix             [   1.15466] sample matrix:
audio    D          kcm_mixer.c:127  _al_rechannel_matrix             [   1.15467] 
audio    D          kcm_mixer.c:127  _al_rechannel_matrix             [   1.15468] 
dtor     D               dtor.c:196  _al_register_destructor          [   1.15469] added dtor for sample_instance 0000000002755d50, func 00007ffb222b929b
audio    D          kcm_mixer.c:121  _al_rechannel_matrix             [   1.15470] sample matrix:
audio    D          kcm_mixer.c:127  _al_rechannel_matrix             [   1.15472] 
audio    D          kcm_mixer.c:127  _al_rechannel_matrix             [   1.15473] 
dtor     D               dtor.c:196  _al_register_destructor          [   1.15473] added dtor for sample_instance 00000000027557b0, func 00007ffb222b929b
audio    D          kcm_mixer.c:121  _al_rechannel_matrix             [   1.15474] sample matrix:
audio    D          kcm_mixer.c:127  _al_rechannel_matrix             [   1.15475] 
audio    D          kcm_mixer.c:127  _al_rechannel_matrix             [   1.15476] 
dtor     D               dtor.c:196  _al_register_destructor          [   1.15477] added dtor for sample_instance 0000000002755690, func 00007ffb222b929b
audio    D          kcm_mixer.c:121  _al_rechannel_matrix             [   1.15478] sample matrix:
audio    D          kcm_mixer.c:127  _al_rechannel_matrix             [   1.15479] 
audio    D          kcm_mixer.c:127  _al_rechannel_matrix             [   1.15480] 
dtor     D               dtor.c:196  _al_register_destructor          [   1.15481] added dtor for sample_instance 0000000002755450, func 00007ffb222b929b
audio    D          kcm_mixer.c:121  _al_rechannel_matrix             [   1.15482] sample matrix:
audio    D          kcm_mixer.c:127  _al_rechannel_matrix             [   1.15483] 
audio    D          kcm_mixer.c:127  _al_rechannel_matrix             [   1.15484] 
dtor     D               dtor.c:196  _al_register_destructor          [   1.15485] added dtor for sample_instance 0000000002755b10, func 00007ffb222b929b
audio    D          kcm_mixer.c:121  _al_rechannel_matrix             [   1.15491] sample matrix:
audio    D          kcm_mixer.c:127  _al_rechannel_matrix             [   1.15492] 
audio    D          kcm_mixer.c:127  _al_rechannel_matrix             [   1.15493] 
dtor     D               dtor.c:196  _al_register_destructor          [   1.15494] added dtor for sample_instance 0000000002755570, func 00007ffb222b929b
audio    D          kcm_mixer.c:121  _al_rechannel_matrix             [   1.15495] sample matrix:
audio    D          kcm_mixer.c:127  _al_rechannel_matrix             [   1.15496] 
audio    D          kcm_mixer.c:127  _al_rechannel_matrix             [   1.15497] 
dtor     D               dtor.c:196  _al_register_destructor          [   1.15498] added dtor for sample_instance 00000000027558d0, func 00007ffb222b929b
audio    D          kcm_mixer.c:121  _al_rechannel_matrix             [   1.15499] sample matrix:
audio    D          kcm_mixer.c:127  _al_rechannel_matrix             [   1.15500] 
audio    D          kcm_mixer.c:127  _al_rechannel_matrix             [   1.15501] 
dtor     D               dtor.c:196  _al_register_destructor          [   1.15502] added dtor for sample_instance 00000000027559f0, func 00007ffb222b929b
audio    D          kcm_mixer.c:121  _al_rechannel_matrix             [   1.15503] sample matrix:
audio    D          kcm_mixer.c:127  _al_rechannel_matrix             [   1.15504] 
audio    D          kcm_mixer.c:127  _al_rechannel_matrix             [   1.15505] 
dtor     D               dtor.c:196  _al_register_destructor          [   1.15506] added dtor for sample_instance 0000000002755e70, func 00007ffb222b929b
audio    D          kcm_mixer.c:121  _al_rechannel_matrix             [   1.15507] sample matrix:
audio    D          kcm_mixer.c:127  _al_rechannel_matrix             [   1.15508] 
audio    D          kcm_mixer.c:127  _al_rechannel_matrix             [   1.15509] 
dtor     D               dtor.c:196  _al_register_destructor          [   1.15510] added dtor for sample_instance 0000000002755f90, func 00007ffb222b929b
audio-dsound D           dsound.cpp:528  _dsound_stop_voice               [   1.15511] Stopping voice
audio-dsound D           dsound.cpp:545  _dsound_stop_voice               [   1.15512] Joining thread
audio-dsound D           dsound.cpp:551  _dsound_stop_voice               [   2.06605] Joined thread
audio-dsound D           dsound.cpp:553  _dsound_stop_voice               [   2.06611] Destroying thread
audio-dsound D           dsound.cpp:555  _dsound_stop_voice               [   2.06612] Thread destroyed
audio-dsound D           dsound.cpp:562  _dsound_stop_voice               [   2.06613] Releasing buffer
audio-dsound I           dsound.cpp:566  _dsound_stop_voice               [   2.06614] Voice stopped
audio-dsound D           dsound.cpp:466  _dsound_start_voice              [   2.06615] Starting voice
audio-dsound D           dsound.cpp:494  _dsound_start_voice              [   2.06616] CreateSoundBuffer
audio-dsound D           dsound.cpp:502  _dsound_start_voice              [   2.06622] CreateSoundBuffer succeeded
audio-dsound D           dsound.cpp:508  _dsound_start_voice              [   2.06623] Starting _dsound_update thread
audio-dsound I           dsound.cpp:518  _dsound_start_voice              [   2.06631] Voice started
audio    D          kcm_mixer.c:121  _al_rechannel_matrix             [   2.06634] sample matrix:
audio    D          kcm_mixer.c:127  _al_rechannel_matrix             [   2.06635]  0.707107 0.000000
audio    D          kcm_mixer.c:127  _al_rechannel_matrix             [   2.06636]  0.000000 0.707107
audio    D          kcm_mixer.c:121  _al_rechannel_matrix             [   2.06638] sample matrix:
audio    D          kcm_mixer.c:127  _al_rechannel_matrix             [   2.06639]  0.212132 0.000000
audio    D          kcm_mixer.c:127  _al_rechannel_matrix             [   2.06640]  0.000000 0.212132
dtor     D               dtor.c:196  _al_register_destructor          [   2.06642] added dtor for queue 0000000002798560, func 00007ffb221bc5dc
dtor     D               dtor.c:196  _al_register_destructor          [   2.07180] added dtor for timer 000000000275d820, func 00007ffb221cfb3b
stdio    D         file_stdio.c:110  file_stdio_fopen                 [   2.07196] opening assets/image/icon.jpg rb
stdio    D         file_stdio.c:110  file_stdio_fopen                 [   2.07253] opening assets/image/icon.jpg rb
d3d      D         d3d_disp.cpp:1202 real_choose_bitmap_format        [   2.07295] Fake format
d3d      D         d3d_disp.cpp:1202 real_choose_bitmap_format        [   2.07297] Fake format
d3d      D         d3d_disp.cpp:1202 real_choose_bitmap_format        [   2.07298] Fake format
d3d      D         d3d_disp.cpp:1202 real_choose_bitmap_format        [   2.07299] Fake format
d3d      D         d3d_disp.cpp:1202 real_choose_bitmap_format        [   2.07299] Fake format
d3d      D         d3d_disp.cpp:1202 real_choose_bitmap_format        [   2.07300] Fake format
d3d      D         d3d_disp.cpp:1202 real_choose_bitmap_format        [   2.07301] Fake format
d3d      D         d3d_disp.cpp:1202 real_choose_bitmap_format        [   2.07302] Fake format
d3d      D         d3d_disp.cpp:1202 real_choose_bitmap_format        [   2.07303] Fake format
d3d      D         d3d_disp.cpp:1210 real_choose_bitmap_format        [   2.07303] Alpha doesn't match
d3d      D         d3d_disp.cpp:1217 real_choose_bitmap_format        [   2.07304] Adapter format is 23
d3d      D         d3d_disp.cpp:1220 real_choose_bitmap_format        [   2.07305] Found a format
d3d      I         d3d_disp.cpp:2391 d3d_create_bitmap                [   2.07306] Chose bitmap format 9
dtor     D               dtor.c:196  _al_register_destructor          [   2.07353] added dtor for bitmap 000000000275d040, func 00007ffb22191bea
d3d      D         d3d_disp.cpp:1202 real_choose_bitmap_format        [   2.07882] Fake format
d3d      D         d3d_disp.cpp:1202 real_choose_bitmap_format        [   2.07885] Fake format
d3d      D         d3d_disp.cpp:1202 real_choose_bitmap_format        [   2.07886] Fake format
d3d      D         d3d_disp.cpp:1202 real_choose_bitmap_format        [   2.07887] Fake format
d3d      D         d3d_disp.cpp:1202 real_choose_bitmap_format        [   2.07888] Fake format
d3d      D         d3d_disp.cpp:1202 real_choose_bitmap_format        [   2.07889] Fake format
d3d      D         d3d_disp.cpp:1202 real_choose_bitmap_format        [   2.07890] Fake format
d3d      D         d3d_disp.cpp:1202 real_choose_bitmap_format        [   2.07891] Fake format
d3d      D         d3d_disp.cpp:1202 real_choose_bitmap_format        [   2.07892] Fake format
d3d      D         d3d_disp.cpp:1210 real_choose_bitmap_format        [   2.07892] Alpha doesn't match
d3d      D         d3d_disp.cpp:1217 real_choose_bitmap_format        [   2.07893] Adapter format is 23
d3d      D         d3d_disp.cpp:1220 real_choose_bitmap_format        [   2.07894] Found a format
d3d      I         d3d_disp.cpp:2391 d3d_create_bitmap                [   2.07895] Chose bitmap format 9
dtor     D               dtor.c:196  _al_register_destructor          [   2.07904] added dtor for bitmap 000000000275efe0, func 00007ffb22191bea
d3d      D          d3d_bmp.cpp:539  _al_d3d_sync_bitmap              [   2.09183] _al_d3d_sync_bitmap (system) ref count == 1
d3d      D          d3d_bmp.cpp:545  _al_d3d_sync_bitmap              [   2.09190] _al_d3d_sync_bitmap (video) ref count == 1
dtor     D               dtor.c:227  _al_unregister_destructor        [   2.09404] removed dtor for bitmap 000000000275efe0
d3d      D         d3d_disp.cpp:1202 real_choose_bitmap_format        [   2.09606] Fake format
d3d      D         d3d_disp.cpp:1202 real_choose_bitmap_format        [   2.09613] Fake format
d3d      D         d3d_disp.cpp:1202 real_choose_bitmap_format        [   2.09615] Fake format
d3d      D         d3d_disp.cpp:1202 real_choose_bitmap_format        [   2.09616] Fake format
d3d      D         d3d_disp.cpp:1202 real_choose_bitmap_format        [   2.09617] Fake format
d3d      D         d3d_disp.cpp:1202 real_choose_bitmap_format        [   2.09619] Fake format
d3d      D         d3d_disp.cpp:1202 real_choose_bitmap_format        [   2.09621] Fake format
d3d      D         d3d_disp.cpp:1202 real_choose_bitmap_format        [   2.09624] Fake format
d3d      D         d3d_disp.cpp:1202 real_choose_bitmap_format        [   2.09626] Fake format
d3d      D         d3d_disp.cpp:1210 real_choose_bitmap_format        [   2.09629] Alpha doesn't match
d3d      D         d3d_disp.cpp:1217 real_choose_bitmap_format        [   2.09630] Adapter format is 23
d3d      D         d3d_disp.cpp:1220 real_choose_bitmap_format        [   2.09634] Found a format
d3d      I         d3d_disp.cpp:2391 d3d_create_bitmap                [   2.09636] Chose bitmap format 9
dtor     D               dtor.c:196  _al_register_destructor          [   2.09661] added dtor for bitmap 000000000275efe0, func 00007ffb22191bea
d3d      D          d3d_bmp.cpp:539  _al_d3d_sync_bitmap              [   2.09995] _al_d3d_sync_bitmap (system) ref count == 1
d3d      D          d3d_bmp.cpp:545  _al_d3d_sync_bitmap              [   2.10001] _al_d3d_sync_bitmap (video) ref count == 1
dtor     D               dtor.c:227  _al_unregister_destructor        [   2.10181] removed dtor for bitmap 000000000275efe0
d3d      D         d3d_disp.cpp:1202 real_choose_bitmap_format        [   2.10549] Fake format
d3d      D         d3d_disp.cpp:1202 real_choose_bitmap_format        [   2.10552] Fake format
d3d      D         d3d_disp.cpp:1202 real_choose_bitmap_format        [   2.10553] Fake format
d3d      D         d3d_disp.cpp:1202 real_choose_bitmap_format        [   2.10554] Fake format
d3d      D         d3d_disp.cpp:1202 real_choose_bitmap_format        [   2.10555] Fake format
d3d      D         d3d_disp.cpp:1202 real_choose_bitmap_format        [   2.10556] Fake format
d3d      D         d3d_disp.cpp:1202 real_choose_bitmap_format        [   2.10557] Fake format
d3d      D         d3d_disp.cpp:1202 real_choose_bitmap_format        [   2.10557] Fake format
d3d      D         d3d_disp.cpp:1202 real_choose_bitmap_format        [   2.10558] Fake format
d3d      D         d3d_disp.cpp:1210 real_choose_bitmap_format        [   2.10559] Alpha doesn't match
d3d      D         d3d_disp.cpp:1217 real_choose_bitmap_format        [   2.10560] Adapter format is 23
d3d      D         d3d_disp.cpp:1220 real_choose_bitmap_format        [   2.10561] Found a format
d3d      I         d3d_disp.cpp:2391 d3d_create_bitmap                [   2.10562] Chose bitmap format 9
font     D                ttf.c:243  alloc_glyph_region               [   2.10574] Glyph 53: 54x44 (56x44)
font     D                ttf.c:287  alloc_glyph_region               [   2.10577] Locking glyph region: 000000000275c8a0 0 0 56 44
font     D                ttf.c:167  unlock_current_page              [   2.10908] Unlocking page: 000000000275c8a0
font     D                ttf.c:243  alloc_glyph_region               [   2.10918] Glyph 86: 55x44 (56x44)
font     D                ttf.c:287  alloc_glyph_region               [   2.10919] Locking glyph region: 000000000275c8a0 56 0 56 44
font     D                ttf.c:167  unlock_current_page              [   2.10927] Unlocking page: 000000000275c8a0
font     D                ttf.c:243  alloc_glyph_region               [   2.10933] Glyph 67: 64x44 (64x44)
font     D                ttf.c:287  alloc_glyph_region               [   2.10934] Locking glyph region: 000000000275c8a0 112 0 64 44
font     D                ttf.c:167  unlock_current_page              [   2.10937] Unlocking page: 000000000275c8a0
font     D                ttf.c:243  alloc_glyph_region               [   2.10946] Glyph 84: 53x44 (56x44)
font     D                ttf.c:287  alloc_glyph_region               [   2.10947] Locking glyph region: 000000000275c8a0 176 0 56 44
font     D                ttf.c:167  unlock_current_page              [   2.10950] Unlocking page: 000000000275c8a0
font     D                ttf.c:243  alloc_glyph_region               [   2.10959] Glyph 41: 52x44 (52x44)
font     D                ttf.c:287  alloc_glyph_region               [   2.10960] Locking glyph region: 000000000275c8a0 232 0 52 44
font     D                ttf.c:167  unlock_current_page              [   2.10981] Unlocking page: 000000000275c8a0
font     D                ttf.c:243  alloc_glyph_region               [   2.10991] Glyph 87: 56x44 (56x44)
font     D                ttf.c:287  alloc_glyph_region               [   2.10993] Locking glyph region: 000000000275c8a0 284 0 56 44
font     D                ttf.c:167  unlock_current_page              [   2.10997] Unlocking page: 000000000275c8a0
font     D                ttf.c:243  alloc_glyph_region               [   2.11002] Glyph 75: 11x44 (12x44)
font     D                ttf.c:287  alloc_glyph_region               [   2.11003] Locking glyph region: 000000000275c8a0 340 0 12 44
font     D                ttf.c:167  unlock_current_page              [   2.11005] Unlocking page: 000000000275c8a0
font     D                ttf.c:243  alloc_glyph_region               [   2.11013] Glyph 70: 58x44 (60x44)
font     D                ttf.c:287  alloc_glyph_region               [   2.11014] Locking glyph region: 000000000275c8a0 352 0 60 44
font     D                ttf.c:167  unlock_current_page              [   2.11017] Unlocking page: 000000000275c8a0
font     D                ttf.c:243  alloc_glyph_region               [   2.11024] Glyph 71: 47x44 (48x44)
font     D                ttf.c:287  alloc_glyph_region               [   2.11025] Locking glyph region: 000000000275c8a0 412 0 48 44
font     D                ttf.c:167  unlock_current_page              [   2.11028] Unlocking page: 000000000275c8a0
font     D                ttf.c:243  alloc_glyph_region               [   2.11037] Glyph 81: 58x44 (60x44)
font     D                ttf.c:287  alloc_glyph_region               [   2.11038] Locking glyph region: 000000000275c8a0 460 0 60 44
font     D                ttf.c:167  unlock_current_page              [   2.11048] Unlocking page: 000000000275c8a0
font     D                ttf.c:243  alloc_glyph_region               [   2.11055] Glyph 91: 65x44 (68x44)
font     D                ttf.c:287  alloc_glyph_region               [   2.11056] Locking glyph region: 000000000275c8a0 520 0 68 44
font     D                ttf.c:167  unlock_current_page              [   2.11059] Unlocking page: 000000000275c8a0
font     D                ttf.c:243  alloc_glyph_region               [   2.11066] Glyph 80: 59x44 (60x44)
font     D                ttf.c:287  alloc_glyph_region               [   2.11067] Locking glyph region: 000000000275c8a0 588 0 60 44
font     D                ttf.c:167  unlock_current_page              [   2.11073] Unlocking page: 000000000275c8a0
font     D                ttf.c:243  alloc_glyph_region               [   2.11081] Glyph 73: 52x44 (52x44)
font     D                ttf.c:287  alloc_glyph_region               [   2.11082] Locking glyph region: 000000000275c8a0 648 0 52 44
font     D                ttf.c:167  unlock_current_page              [   2.11085] Unlocking page: 000000000275c8a0
font     D                ttf.c:243  alloc_glyph_region               [   2.11092] Glyph 51: 58x54 (60x56)
font     D                ttf.c:287  alloc_glyph_region               [   2.11093] Locking glyph region: 000000000275c8a0 700 0 60 56
font     D                ttf.c:167  unlock_current_page              [   2.11099] Unlocking page: 000000000275c8a0
d3d      D          d3d_bmp.cpp:539  _al_d3d_sync_bitmap              [   2.11302] _al_d3d_sync_bitmap (system) ref count == 1
d3d      D          d3d_bmp.cpp:545  _al_d3d_sync_bitmap              [   2.11308] _al_d3d_sync_bitmap (video) ref count == 1
d3d      D          d3d_bmp.cpp:539  _al_d3d_sync_bitmap              [   2.12177] _al_d3d_sync_bitmap (system) ref count == 1
d3d      D          d3d_bmp.cpp:545  _al_d3d_sync_bitmap              [   2.12184] _al_d3d_sync_bitmap (video) ref count == 1
d3d      D          d3d_bmp.cpp:539  _al_d3d_sync_bitmap              [   2.12293] _al_d3d_sync_bitmap (system) ref count == 1
d3d      D          d3d_bmp.cpp:545  _al_d3d_sync_bitmap              [   2.12298] _al_d3d_sync_bitmap (video) ref count == 1
dtor     D               dtor.c:227  _al_unregister_destructor        [   4.20481] removed dtor for queue 0000000002798560
d3d      I         d3d_disp.cpp:915  d3d_destroy_display              [   4.20488] destroying display 0000000000f7bf20 (current 0000000000000000)
bitmap   D        bitmap_type.c:308  _al_convert_to_memory_bitmap     [   4.20822] converting display bitmap 000000000275c8a0 to memory bitmap
dtor     D               dtor.c:196  _al_register_destructor          [   4.20832] added dtor for bitmap 000000000275c690, func 00007ffb22191bea
d3d      D          d3d_bmp.cpp:539  _al_d3d_sync_bitmap              [   4.20836] _al_d3d_sync_bitmap (system) ref count == 1
d3d      D          d3d_bmp.cpp:545  _al_d3d_sync_bitmap              [   4.20837] _al_d3d_sync_bitmap (video) ref count == 1
dtor     D               dtor.c:227  _al_unregister_destructor        [   4.21248] removed dtor for bitmap 000000000275c690
bitmap   D        bitmap_type.c:308  _al_convert_to_memory_bitmap     [   4.21343] converting display bitmap 000000000275d040 to memory bitmap
dtor     D               dtor.c:196  _al_register_destructor          [   4.21348] added dtor for bitmap 000000000275c690, func 00007ffb22191bea
d3d      D          d3d_bmp.cpp:539  _al_d3d_sync_bitmap              [   4.21350] _al_d3d_sync_bitmap (system) ref count == 1
d3d      D          d3d_bmp.cpp:545  _al_d3d_sync_bitmap              [   4.21353] _al_d3d_sync_bitmap (video) ref count == 1
dtor     D               dtor.c:227  _al_unregister_destructor        [   4.21472] removed dtor for bitmap 000000000275c690
bitmap   D        bitmap_type.c:308  _al_convert_to_memory_bitmap     [   4.21504] converting display bitmap 000000000275d220 to memory bitmap
dtor     D               dtor.c:196  _al_register_destructor          [   4.21509] added dtor for bitmap 000000000275c690, func 00007ffb22191bea
d3d      D          d3d_bmp.cpp:539  _al_d3d_sync_bitmap              [   4.21511] _al_d3d_sync_bitmap (system) ref count == 1
d3d      D          d3d_bmp.cpp:545  _al_d3d_sync_bitmap              [   4.21512] _al_d3d_sync_bitmap (video) ref count == 1
dtor     D               dtor.c:227  _al_unregister_destructor        [   4.22235] removed dtor for bitmap 000000000275c690
d3d      D         d3d_disp.cpp:899  d3d_destroy_display_internals    [   4.22373] waiting for display 0000000000f7bf20's thread to end
d3d      W         d3d_disp.cpp:608  d3d_destroy_device               [   4.23568] d3d_destroy_device: ref count not 0
d3d      I         d3d_disp.cpp:1562 d3d_display_thread_proc          [   4.25367] d3d display thread exits
dtor     D               dtor.c:227  _al_unregister_destructor        [   4.25376] removed dtor for bitmap 000000000275d220
dtor     D               dtor.c:227  _al_unregister_destructor        [   4.25476] removed dtor for ttf_font 0000000002738270
dtor     D               dtor.c:227  _al_unregister_destructor        [   4.25597] removed dtor for sample 0000000002737b50
dtor     D               dtor.c:227  _al_unregister_destructor        [   4.26236] removed dtor for sample_instance 0000000002755f90
dtor     D               dtor.c:116  _al_run_destructors              [   4.26246] calling dtor for bitmap 000000000275d040, func 00007ffb22191bea
dtor     D               dtor.c:227  _al_unregister_destructor        [   4.26248] removed dtor for bitmap 000000000275d040
dtor     D               dtor.c:116  _al_run_destructors              [   4.26272] calling dtor for timer 000000000275d820, func 00007ffb221cfb3b
dtor     D               dtor.c:227  _al_unregister_destructor        [   4.26278] removed dtor for timer 000000000275d820
dtor     D               dtor.c:227  _al_unregister_destructor        [   4.26280] removed dtor for sample_instance 000000000275eec0
dtor     D               dtor.c:227  _al_unregister_destructor        [   4.26282] removed dtor for sample_instance 000000000275f2c0
dtor     D               dtor.c:227  _al_unregister_destructor        [   4.26284] removed dtor for sample_instance 000000000275f3e0
dtor     D               dtor.c:227  _al_unregister_destructor        [   4.26286] removed dtor for sample_instance 000000000275ebe0
dtor     D               dtor.c:227  _al_unregister_destructor        [   4.26287] removed dtor for sample_instance 000000000275ed00
dtor     D               dtor.c:227  _al_unregister_destructor        [   4.26289] removed dtor for sample_instance 000000000275f500
dtor     D               dtor.c:227  _al_unregister_destructor        [   4.26291] removed dtor for sample_instance 000000000275f620
dtor     D               dtor.c:227  _al_unregister_destructor        [   4.26292] removed dtor for sample_instance 000000000275f740
dtor     D               dtor.c:227  _al_unregister_destructor        [   4.26294] removed dtor for sample_instance 000000000275f970
dtor     D               dtor.c:227  _al_unregister_destructor        [   4.26295] removed dtor for sample_instance 000000000275fa90
dtor     D               dtor.c:227  _al_unregister_destructor        [   4.26303] removed dtor for sample_instance 0000000002755c30
dtor     D               dtor.c:227  _al_unregister_destructor        [   4.26306] removed dtor for sample_instance 0000000002755d50
dtor     D               dtor.c:227  _al_unregister_destructor        [   4.26307] removed dtor for sample_instance 00000000027557b0
dtor     D               dtor.c:227  _al_unregister_destructor        [   4.26309] removed dtor for sample_instance 0000000002755690
dtor     D               dtor.c:227  _al_unregister_destructor        [   4.26311] removed dtor for sample_instance 0000000002755450
dtor     D               dtor.c:227  _al_unregister_destructor        [   4.26313] removed dtor for sample_instance 0000000002755b10
dtor     D               dtor.c:227  _al_unregister_destructor        [   4.26314] removed dtor for sample_instance 0000000002755570
dtor     D               dtor.c:227  _al_unregister_destructor        [   4.26316] removed dtor for sample_instance 00000000027558d0
dtor     D               dtor.c:227  _al_unregister_destructor        [   4.26334] removed dtor for sample_instance 00000000027559f0
dtor     D               dtor.c:227  _al_unregister_destructor        [   4.26338] removed dtor for sample_instance 0000000002755e70
dtor     D               dtor.c:227  _al_unregister_destructor        [   4.26339] removed dtor for mixer 000000000275d6c0
audio-dsound D           dsound.cpp:528  _dsound_stop_voice               [   4.26344] Stopping voice
audio-dsound D           dsound.cpp:545  _dsound_stop_voice               [   4.26349] Joining thread
audio-dsound D           dsound.cpp:551  _dsound_stop_voice               [   4.26675] Joined thread
audio-dsound D           dsound.cpp:553  _dsound_stop_voice               [   4.26686] Destroying thread
audio-dsound D           dsound.cpp:555  _dsound_stop_voice               [   4.26688] Thread destroyed
audio-dsound D           dsound.cpp:562  _dsound_stop_voice               [   4.26689] Releasing buffer
audio-dsound I           dsound.cpp:566  _dsound_stop_voice               [   4.26691] Voice stopped
dtor     D               dtor.c:227  _al_unregister_destructor        [   4.26694] removed dtor for voice 000000000273ea90
audio-dsound D           dsound.cpp:380  _dsound_deallocate_voice         [   4.26695] Deallocating voice
audio-dsound D           dsound.cpp:385  _dsound_deallocate_voice         [   4.26696] Deallocated voice
audio-dsound D           dsound.cpp:296  _dsound_close                    [   4.26699] Releasing device
audio-dsound D           dsound.cpp:298  _dsound_close                    [   4.37656] Released device
audio-dsound I           dsound.cpp:299  _dsound_close                    [   4.37663] DirectSound closed
